Release 14.7 Map P.20131013 (lin)
Xilinx Mapping Report File for Design 'Sistema'

Design Information
------------------
Command Line   : map -intstyle ise -p xc3s250e-cp132-5 -cm area -ir off -pr off
-c 100 -o Sistema_map.ncd Sistema.ngd Sistema.pcf 
Target Device  : xc3s250e
Target Package : cp132
Target Speed   : -5
Mapper Version : spartan3e -- $Revision: 1.55 $
Mapped Date    : Tue Dec 11 20:10:25 2018

Design Summary
--------------
Number of errors:      0
Number of warnings:    0
Logic Utilization:
  Number of Slice Flip Flops:            28 out of   4,896    1%
  Number of 4 input LUTs:                88 out of   4,896    1%
Logic Distribution:
  Number of occupied Slices:             54 out of   2,448    2%
    Number of Slices containing only related logic:      54 out of      54 100%
    Number of Slices containing unrelated logic:          0 out of      54   0%
      *See NOTES below for an explanation of the effects of unrelated logic.
  Total Number of 4 input LUTs:         103 out of   4,896    2%
    Number used as logic:                88
    Number used as a route-thru:         15

  The Slice Logic Distribution report is not meaningful if the design is
  over-mapped for a non-slice resource or if Placement fails.

  Number of bonded IOBs:                 26 out of      92   28%
  Number of BUFGMUXs:                     2 out of      24    8%

  Number of RPM macros:            6
Average Fanout of Non-Clock Nets:                2.80

Peak Memory Usage:  174 MB
Total REAL time to MAP completion:  3 secs 
Total CPU time to MAP completion:   3 secs 

NOTES:

   Related logic is defined as being logic that shares connectivity - e.g. two
   LUTs are "related" if they share common inputs.  When assembling slices,
   Map gives priority to combine logic that is related.  Doing so results in
   the best timing performance.

   Unrelated logic shares no connectivity.  Map will only begin packing
   unrelated logic into a slice once 99% of the slices are occupied through
   related logic packing.

   Note that once logic distribution reaches the 99% level through related
   logic packing, this does not mean the device is completely utilized.
   Unrelated logic packing will then begin, continuing until all usable LUTs
   and FFs are occupied.  Depending on your timing budget, increased levels of
   unrelated logic packing may adversely affect the overall timing performance
   of your design.

Table of Contents
-----------------
Section 1 - Errors
Section 2 - Warnings
Section 3 - Informational
Section 4 - Removed Logic Summary
Section 5 - Removed Logic
Section 6 - IOB Properties
Section 7 - RPMs
Section 8 - Guide Report
Section 9 - Area Group and Partition Summary
Section 10 - Timing Report
Section 11 - Configuration String Information
Section 12 - Control Set Information
Section 13 - Utilization by Hierarchy

Section 1 - Errors
------------------

Section 2 - Warnings
--------------------

Section 3 - Informational
-------------------------
INFO:LIT:243 - Logical network XLXI_2/XLXI_1/XLXI_4/OFL has no load.
INFO:LIT:395 - The above info message is repeated 1 more times for the following
   (max. 5 shown):
   XLXI_2/XLXI_1/XLXI_3/OFL
   To see the details of these info messages, please use the -detail switch.
INFO:MapLib:562 - No environment variables are currently set.
INFO:LIT:244 - All of the single ended outputs in this design are using slew
   rate limited output drivers. The delay on speed critical single ended outputs
   can be dramatically reduced by designating them as fast outputs.

Section 4 - Removed Logic Summary
---------------------------------
  13 block(s) removed
  32 block(s) optimized away
  12 signal(s) removed

Section 5 - Removed Logic
-------------------------

The trimmed logic report below shows the logic removed from your design due to
sourceless or loadless signals, and VCC or ground connections.  If the removal
of a signal or symbol results in the subsequent removal of an additional signal
or symbol, the message explaining that second removal will be indented.  This
indentation will be repeated as a chain of related logic is removed.

To quickly locate the original cause for the removal of a chain of logic, look
above the place where that logic is listed in the trimming report, then locate
the lines that are least indented (begin at the leftmost edge).

Loadless block "XLXI_2/XLXI_1/XLXI_2/XLXI_3" (AND) removed.
 The signal "XLXN_57" is loadless and has been removed.
  Loadless block "XLXI_17/XLXI_12" (AND) removed.
The signal "XLXI_2/XLXI_3/XLXI_1/dummy" is sourceless and has been removed.
The signal "XLXI_2/XLXI_4/XLXI_2/M23" is sourceless and has been removed.
The signal "XLXI_2/XLXI_4/XLXI_2/I_M23/M0" is sourceless and has been removed.
 Sourceless block "XLXI_2/XLXI_4/XLXI_2/I_M23/I_36_38" (OR) removed.
The signal "XLXI_2/XLXI_4/XLXI_2/I_M23/M1" is sourceless and has been removed.
The signal "XLXI_2/XLXI_1/XLXI_4/CO" is sourceless and has been removed.
 Sourceless block "XLXI_2/XLXI_1/XLXI_4/I_36_221" (XOR) removed.
  The signal "XLXI_2/XLXI_1/XLXI_4/OFL" is sourceless and has been removed.
The signal "XLXI_2/XLXI_1/XLXI_4/dummy" is sourceless and has been removed.
The signal "XLXI_2/XLXI_1/XLXI_3/OFL" is sourceless and has been removed.
The signal "XLXI_2/XLXI_1/XLXI_3/dummy" is sourceless and has been removed.

The trimmed logic reported below is either:
   1. part of a cycle
   2. part of disabled logic
   3. a side-effect of other trimmed logic

The signal "XLXI_2/XLXI_4/XLXN_9" is unused and has been removed.
 Unused block "XLXI_2/XLXI_4/XLXI_6" (BUF) removed.
The signal "XLXI_2/XLXN_42" is unused and has been removed.
 Unused block "XLXI_2/XLXI_1/XLXI_3/I_36_64" (MUX) removed.
Unused block "XLXI_2/XLXI_1/XLXI_3/I_36_239" (XOR) removed.
Unused block "XLXI_2/XLXI_1/XLXI_3/XST_GND" (ZERO) removed.
Unused block "XLXI_2/XLXI_1/XLXI_4/XST_GND" (ZERO) removed.
Unused block "XLXI_2/XLXI_3/XLXI_1/XST_GND" (ZERO) removed.
Unused block "XLXI_2/XLXI_4/XLXI_2/I_M23/I_36_30" (AND) removed.
Unused block "XLXI_2/XLXI_4/XLXI_2/I_M23/I_36_31" (AND) removed.
Unused block "XLXI_2/XLXI_1/XLXI_4/I_36_64" (MUX) removed.

Optimized Block(s):
TYPE 		BLOCK
AND3 		XLXI_2/XLXI_2/XLXI_1/XLXI_1/I_M23/I_36_30
AND3B1 		XLXI_2/XLXI_2/XLXI_1/XLXI_1/I_M23/I_36_31
OR2 		XLXI_2/XLXI_2/XLXI_1/XLXI_1/I_M23/I_36_38
AND3 		XLXI_2/XLXI_2/XLXI_10/XLXI_1/I_M23/I_36_30
AND3B1 		XLXI_2/XLXI_2/XLXI_10/XLXI_1/I_M23/I_36_31
OR2 		XLXI_2/XLXI_2/XLXI_10/XLXI_1/I_M23/I_36_38
AND3 		XLXI_2/XLXI_2/XLXI_11/XLXI_1/I_M23/I_36_30
AND3B1 		XLXI_2/XLXI_2/XLXI_11/XLXI_1/I_M23/I_36_31
OR2 		XLXI_2/XLXI_2/XLXI_11/XLXI_1/I_M23/I_36_38
AND3 		XLXI_2/XLXI_2/XLXI_2/XLXI_1/I_M23/I_36_30
AND3B1 		XLXI_2/XLXI_2/XLXI_2/XLXI_1/I_M23/I_36_31
OR2 		XLXI_2/XLXI_2/XLXI_2/XLXI_1/I_M23/I_36_38
AND3 		XLXI_2/XLXI_2/XLXI_3/XLXI_1/I_M23/I_36_30
AND3B1 		XLXI_2/XLXI_2/XLXI_3/XLXI_1/I_M23/I_36_31
OR2 		XLXI_2/XLXI_2/XLXI_3/XLXI_1/I_M23/I_36_38
AND3 		XLXI_2/XLXI_2/XLXI_7/XLXI_1/I_M23/I_36_30
AND3B1 		XLXI_2/XLXI_2/XLXI_7/XLXI_1/I_M23/I_36_31
OR2 		XLXI_2/XLXI_2/XLXI_7/XLXI_1/I_M23/I_36_38
AND3 		XLXI_2/XLXI_2/XLXI_8/XLXI_1/I_M23/I_36_30
AND3B1 		XLXI_2/XLXI_2/XLXI_8/XLXI_1/I_M23/I_36_31
OR2 		XLXI_2/XLXI_2/XLXI_8/XLXI_1/I_M23/I_36_38
AND3 		XLXI_2/XLXI_2/XLXI_9/XLXI_1/I_M23/I_36_30
AND3B1 		XLXI_2/XLXI_2/XLXI_9/XLXI_1/I_M23/I_36_31
OR2 		XLXI_2/XLXI_2/XLXI_9/XLXI_1/I_M23/I_36_38
AND3 		XLXI_2/XLXI_4/XLXI_2/I_M01/I_36_30
VCC 		XLXI_2/XLXI_4/XLXI_4
AND2 		XLXI_2/XLXI_5/XLXI_97_3/I_36_9
AND2 		XLXI_2/XLXI_5/XLXI_97_4/I_36_9
AND2 		XLXI_2/XLXI_5/XLXI_97_5/I_36_9
AND2 		XLXI_2/XLXI_5/XLXI_97_6/I_36_9
AND2 		XLXI_2/XLXI_5/XLXI_97_7/I_36_9
GND 		XLXI_24

To enable printing of redundant blocks removed and signals merged, set the
detailed map report option and rerun map.

Section 6 - IOB Properties
--------------------------

+---------------------------------------------------------------------------------------------------------------------------------------------------------+
| IOB Name                           | Type             | Direction | IO Standard          | Diff  | Drive    | Slew | Reg (s)      | Resistor | IOB      |
|                                    |                  |           |                      | Term  | Strength | Rate |              |          | Delay    |
+---------------------------------------------------------------------------------------------------------------------------------------------------------+
| A<0>                               | IBUF             | INPUT     | LVCMOS25             |       |          |      |              |          | 0 / 0    |
| A<1>                               | IBUF             | INPUT     | LVCMOS25             |       |          |      |              |          | 0 / 0    |
| A<2>                               | IBUF             | INPUT     | LVCMOS25             |       |          |      |              |          | 0 / 0    |
| A<3>                               | IBUF             | INPUT     | LVCMOS25             |       |          |      |              |          | 0 / 0    |
| A<4>                               | IBUF             | INPUT     | LVCMOS25             |       |          |      |              |          | 0 / 0    |
| A<5>                               | IBUF             | INPUT     | LVCMOS25             |       |          |      |              |          | 0 / 0    |
| A<6>                               | IBUF             | INPUT     | LVCMOS25             |       |          |      |              |          | 0 / 0    |
| A<7>                               | IBUF             | INPUT     | LVCMOS25             |       |          |      |              |          | 0 / 0    |
| CLK                                | IBUF             | INPUT     | LVCMOS25             |       |          |      |              |          | 0 / 0    |
| CLK_AUTO                           | IBUF             | INPUT     | LVCMOS25             |       |          |      |              |          | 0 / 0    |
| GO                                 | IBUF             | INPUT     | LVCMOS25             |       |          |      |              |          | 0 / 0    |
| OK                                 | IOB              | OUTPUT    | LVCMOS25             |       | 12       | SLOW |              |          | 0 / 0    |
| RESET                              | IBUF             | INPUT     | LVCMOS25             |       |          |      |              |          | 0 / 0    |
| ZERO                               | IOB              | OUTPUT    | LVCMOS25             |       | 12       | SLOW |              |          | 0 / 0    |
| an0                                | IOB              | OUTPUT    | LVCMOS25             |       | 12       | SLOW |              |          | 0 / 0    |
| an1                                | IOB              | OUTPUT    | LVCMOS25             |       | 12       | SLOW |              |          | 0 / 0    |
| an2                                | IOB              | OUTPUT    | LVCMOS25             |       | 12       | SLOW |              |          | 0 / 0    |
| an3                                | IOB              | OUTPUT    | LVCMOS25             |       | 12       | SLOW |              |          | 0 / 0    |
| ca                                 | IOB              | OUTPUT    | LVCMOS25             |       | 12       | SLOW |              |          | 0 / 0    |
| cb                                 | IOB              | OUTPUT    | LVCMOS25             |       | 12       | SLOW |              |          | 0 / 0    |
| cc                                 | IOB              | OUTPUT    | LVCMOS25             |       | 12       | SLOW |              |          | 0 / 0    |
| cd                                 | IOB              | OUTPUT    | LVCMOS25             |       | 12       | SLOW |              |          | 0 / 0    |
| ce                                 | IOB              | OUTPUT    | LVCMOS25             |       | 12       | SLOW |              |          | 0 / 0    |
| cf                                 | IOB              | OUTPUT    | LVCMOS25             |       | 12       | SLOW |              |          | 0 / 0    |
| cg                                 | IOB              | OUTPUT    | LVCMOS25             |       | 12       | SLOW |              |          | 0 / 0    |
| cp                                 | IOB              | OUTPUT    | LVCMOS25             |       | 12       | SLOW |              |          | 0 / 0    |
+---------------------------------------------------------------------------------------------------------------------------------------------------------+

Section 7 - RPMs
----------------
XLXI_17_XLXI_1_0                        
XLXI_17_XLXI_2_1                        
XLXI_17_XLXI_3_2                        
XLXI_2/XLXI_1_XLXI_3_67                 
XLXI_2/XLXI_1_XLXI_4_66                 
XLXI_2/XLXI_3_XLXI_1_68                 

Section 8 - Guide Report
------------------------
Guide not run on this design.

Section 9 - Area Group and Partition Summary
--------------------------------------------

Partition Implementation Status
-------------------------------

  No Partitions were found in this design.

-------------------------------

Area Group Information
----------------------

  No area groups were found in this design.

----------------------

Section 10 - Timing Report
--------------------------
This design was not run using timing mode.

Section 11 - Configuration String Details
-----------------------------------------
Use the "-detail" map option to print out Configuration Strings

Section 12 - Control Set Information
------------------------------------
No control set information for this architecture.

Section 13 - Utilization by Hierarchy
-------------------------------------
Use the "-detail" map option to print out the Utilization by Hierarchy section.
